<?xml version="1.0" encoding="UTF-8"?>
<testsuite xmlns:xsi="http://www.w3.org/2001/XMLSchema-instance" xsi:noNamespaceSchemaLocation="https://maven.apache.org/surefire/maven-surefire-plugin/xsd/surefire-test-report.xsd" name="com.example.webclientparent.controller.WebClientParentControllerTest" time="6.53" tests="2" errors="0" skipped="0" failures="2">
  <properties>
[...]
</properties>
  <testcase name="getChildResponseTest" classname="com.example.webclientparent.controller.WebClientParentControllerTest" time="0.375">
    <failure message="Status expected:&lt;200 OK&gt; but was:&lt;404 NOT_FOUND&gt;" type="java.lang.AssertionError"><![CDATA[java.lang.AssertionError: Status expected:<200 OK> but was:<404 NOT_FOUND>
	at com.example.webclientparent.controller.WebClientParentControllerTest.getChildResponseTest(WebClientParentControllerTest.java:38)
]]></failure>
    <system-out><![CDATA[2022-04-06 09:45:51.140  INFO 7156 --- [           main] .b.t.c.SpringBootTestContextBootstrapper : Neither @ContextConfiguration nor @ContextHierarchy found for test class [com.example.webclientparent.controller.WebClientParentControllerTest], using SpringBootContextLoader
2022-04-06 09:45:51.140  INFO 7156 --- [           main] o.s.t.c.support.AbstractContextLoader    : Could not detect default resource locations for test class [com.example.webclientparent.controller.WebClientParentControllerTest]: no resource found for suffixes {-context.xml, Context.groovy}.
2022-04-06 09:45:51.156  INFO 7156 --- [           main] t.c.s.AnnotationConfigContextLoaderUtils : Could not detect default configuration classes for test class [com.example.webclientparent.controller.WebClientParentControllerTest]: WebClientParentControllerTest does not declare any static, non-private, non-final, nested classes annotated with @Configuration.
2022-04-06 09:45:51.806  INFO 7156 --- [           main] .b.t.c.SpringBootTestContextBootstrapper : Found @SpringBootConfiguration com.example.webclientparent.WebClientParentApplication for test class com.example.webclientparent.controller.WebClientParentControllerTest
2022-04-06 09:45:51.901  INFO 7156 --- [           main] .b.t.c.SpringBootTestContextBootstrapper : Loaded default TestExecutionListener class names from location [META-INF/spring.factories]: [org.springframework.boot.test.mock.mockito.MockitoTestExecutionListener, org.springframework.boot.test.mock.mockito.ResetMocksTestExecutionListener, org.springframework.boot.test.autoconfigure.restdocs.RestDocsTestExecutionListener, org.springframework.boot.test.autoconfigure.web.client.MockRestServiceServerResetTestExecutionListener, org.springframework.boot.test.autoconfigure.web.servlet.MockMvcPrintOnlyOnFailureTestExecutionListener, org.springframework.boot.test.autoconfigure.web.servlet.WebDriverTestExecutionListener, org.springframework.boot.test.autoconfigure.webservices.client.MockWebServiceServerTestExecutionListener, org.springframework.test.context.web.ServletTestExecutionListener, org.springframework.test.context.support.DirtiesContextBeforeModesTestExecutionListener, org.springframework.test.context.event.ApplicationEventsTestExecutionListener, org.springframework.test.context.support.DependencyInjectionTestExecutionListener, org.springframework.test.context.support.DirtiesContextTestExecutionListener, org.springframework.test.context.transaction.TransactionalTestExecutionListener, org.springframework.test.context.jdbc.SqlScriptsTestExecutionListener, org.springframework.test.context.event.EventPublishingTestExecutionListener]
2022-04-06 09:45:51.933  INFO 7156 --- [           main] .b.t.c.SpringBootTestContextBootstrapper : Using TestExecutionListeners: [org.springframework.test.context.web.ServletTestExecutionListener@2abafa97, org.springframework.test.context.support.DirtiesContextBeforeModesTestExecutionListener@6f6cc7da, org.springframework.test.context.event.ApplicationEventsTestExecutionListener@40717ed, org.springframework.boot.test.mock.mockito.MockitoTestExecutionListener@29f3c438, org.springframework.boot.test.autoconfigure.SpringBootDependencyInjectionTestExecutionListener@5460edd3, org.springframework.test.context.support.DirtiesContextTestExecutionListener@5dbbb292, org.springframework.test.context.event.EventPublishingTestExecutionListener@613f7eb7, org.springframework.boot.test.mock.mockito.ResetMocksTestExecutionListener@565aa4ac, org.springframework.boot.test.autoconfigure.restdocs.RestDocsTestExecutionListener@587c5c1, org.springframework.boot.test.autoconfigure.web.client.MockRestServiceServerResetTestExecutionListener@528c8c1, org.springframework.boot.test.autoconfigure.web.servlet.MockMvcPrintOnlyOnFailureTestExecutionListener@1f78d415, org.springframework.boot.test.autoconfigure.web.servlet.WebDriverTestExecutionListener@1c046c92, org.springframework.boot.test.autoconfigure.webservices.client.MockWebServiceServerTestExecutionListener@27960b1e]

  .   ____          _            __ _ _
 /\\ / ___'_ __ _ _(_)_ __  __ _ \ \ \ \
( ( )\___ | '_ | '_| | '_ \/ _` | \ \ \ \
 \\/  ___)| |_)| | | | | || (_| |  ) ) ) )
  '  |____| .__|_| |_|_| |_\__, | / / / /
 =========|_|==============|___/=/_/_/_/
 :: Spring Boot ::                (v2.6.4)

2022-04-06 09:45:52.121  INFO 7156 --- [           main] c.e.w.c.WebClientParentControllerTest    : Starting WebClientParentControllerTest using Java 12.0.1 on DELL-PC with PID 7156 (started by DELL in C:\Users\DELL\IdeaProjects\webclientPOC\WebClientParent)
2022-04-06 09:45:52.121  INFO 7156 --- [           main] c.e.w.c.WebClientParentControllerTest    : No active profile set, falling back to 1 default profile: "default"
2022-04-06 09:45:57.350  INFO 7156 --- [           main] o.s.b.t.m.w.SpringBootMockServletContext : Initializing Spring TestDispatcherServlet ''
2022-04-06 09:45:57.350  INFO 7156 --- [           main] o.s.t.web.servlet.TestDispatcherServlet  : Initializing Servlet ''
2022-04-06 09:45:57.350  INFO 7156 --- [           main] o.s.t.web.servlet.TestDispatcherServlet  : Completed initialization in 0 ms
2022-04-06 09:45:57.382  INFO 7156 --- [           main] c.e.w.c.WebClientParentControllerTest    : Started WebClientParentControllerTest in 5.441 seconds (JVM running for 43.256)
2022-04-06 09:45:57.679 ERROR 7156 --- [           main] o.s.t.w.reactive.server.ExchangeResult   : Request details for assertion failure:

> GET http://localhost:8081/webClient/test
> WebTestClient-Request-Id: [1]
> Content-Type: [application/json;charset=UTF-8]
> Accept: [application/json]

No content

< 404 NOT_FOUND Not Found
< Vary: [Origin, Access-Control-Request-Method, Access-Control-Request-Headers]

0 bytes of content (unknown content-type).

======================  MockMvc (Server) ===============================

MockHttpServletRequest:
      HTTP Method = GET
      Request URI = /webClient/test
       Parameters = {}
          Headers = [WebTestClient-Request-Id:"1", Content-Type:"application/json;charset=UTF-8", Accept:"application/json"]
             Body = null
    Session Attrs = {}

Handler:
             Type = org.springframework.web.servlet.resource.ResourceHttpRequestHandler

Async:
    Async started = false
     Async result = null

Resolved Exception:
             Type = null

ModelAndView:
        View name = null
             View = null
            Model = null

FlashMap:
       Attributes = null

MockHttpServletResponse:
           Status = 404
    Error message = null
          Headers = [Vary:"Origin", "Access-Control-Request-Method", "Access-Control-Request-Headers"]
     Content type = null
             Body = 
    Forwarded URL = null
   Redirected URL = null
          Cookies = []



MockHttpServletRequest:
      HTTP Method = GET
      Request URI = /webClient/test
       Parameters = {}
          Headers = [WebTestClient-Request-Id:"1", Content-Type:"application/json;charset=UTF-8", Accept:"application/json"]
             Body = null
    Session Attrs = {}

Handler:
             Type = org.springframework.web.servlet.resource.ResourceHttpRequestHandler

Async:
    Async started = false
     Async result = null

Resolved Exception:
             Type = null

ModelAndView:
        View name = null
             View = null
            Model = null

FlashMap:
       Attributes = null

MockHttpServletResponse:
           Status = 404
    Error message = null
          Headers = [Vary:"Origin", "Access-Control-Request-Method", "Access-Control-Request-Headers"]
     Content type = null
             Body = 
    Forwarded URL = null
   Redirected URL = null
          Cookies = []
]]></system-out>
  </testcase>
  <testcase name="getPostResponse" classname="com.example.webclientparent.controller.WebClientParentControllerTest" time="0.236">
    <failure message="Status expected:&lt;200 OK&gt; but was:&lt;404 NOT_FOUND&gt;" type="java.lang.AssertionError"><![CDATA[java.lang.AssertionError: Status expected:<200 OK> but was:<404 NOT_FOUND>
	at com.example.webclientparent.controller.WebClientParentControllerTest.getPostResponse(WebClientParentControllerTest.java:56)
]]></failure>
    <system-out><![CDATA[2022-04-06 09:45:57.945 ERROR 7156 --- [           main] o.s.t.w.reactive.server.ExchangeResult   : Request details for assertion failure:

> POST http://localhost:8081/webClient/postResponse
> WebTestClient-Request-Id: [2]
> Accept: [*/*]
> content-type: [application/json]
> Content-Length: [19]

{"tokenId":"12345"}

< 404 NOT_FOUND Not Found
< Vary: [Origin, Access-Control-Request-Method, Access-Control-Request-Headers]

0 bytes of content (unknown content-type).

======================  MockMvc (Server) ===============================

MockHttpServletRequest:
      HTTP Method = POST
      Request URI = /webClient/postResponse
       Parameters = {}
          Headers = [WebTestClient-Request-Id:"2", Accept:"*/*", Content-Type:"application/json;charset=UTF-8", Content-Length:"19"]
             Body = {"tokenId":"12345"}
    Session Attrs = {}

Handler:
             Type = org.springframework.web.servlet.resource.ResourceHttpRequestHandler

Async:
    Async started = false
     Async result = null

Resolved Exception:
             Type = null

ModelAndView:
        View name = null
             View = null
            Model = null

FlashMap:
       Attributes = null

MockHttpServletResponse:
           Status = 404
    Error message = null
          Headers = [Vary:"Origin", "Access-Control-Request-Method", "Access-Control-Request-Headers"]
     Content type = null
             Body = 
    Forwarded URL = null
   Redirected URL = null
          Cookies = []



MockHttpServletRequest:
      HTTP Method = POST
      Request URI = /webClient/postResponse
       Parameters = {}
          Headers = [WebTestClient-Request-Id:"2", Accept:"*/*", Content-Type:"application/json;charset=UTF-8", Content-Length:"19"]
             Body = {"tokenId":"12345"}
    Session Attrs = {}

Handler:
             Type = org.springframework.web.servlet.resource.ResourceHttpRequestHandler

Async:
    Async started = false
     Async result = null

Resolved Exception:
             Type = null

ModelAndView:
        View name = null
             View = null
            Model = null

FlashMap:
       Attributes = null

MockHttpServletResponse:
           Status = 404
    Error message = null
          Headers = [Vary:"Origin", "Access-Control-Request-Method", "Access-Control-Request-Headers"]
     Content type = null
             Body = 
    Forwarded URL = null
   Redirected URL = null
          Cookies = []
]]></system-out>
  </testcase>
</testsuite>